[debug] [2022-04-29T08:59:38.892Z] ----------------------------------------------------------------------
[debug] [2022-04-29T08:59:38.894Z] Command:       C:\Program Files\nodejs\node.exe C:\Users\Asus\AppData\Roaming\npm\node_modules\firebase-tools\lib\bin\firebase.js init hosting:github
[debug] [2022-04-29T08:59:38.894Z] CLI Version:   10.7.1
[debug] [2022-04-29T08:59:38.895Z] Platform:      win32
[debug] [2022-04-29T08:59:38.895Z] Node Version:  v14.18.1
[debug] [2022-04-29T08:59:38.896Z] Time:          Fri Apr 29 2022 10:59:38 GMT+0200 (GMT+02:00)
[debug] [2022-04-29T08:59:38.896Z] ----------------------------------------------------------------------
[debug] 
[debug] [2022-04-29T08:59:38.989Z] > command requires scopes: ["email","openid","https://www.googleapis.com/auth/cloudplatformprojects.readonly","https://www.googleapis.com/auth/firebase","https://www.googleapis.com/auth/cloud-platform"]
[debug] [2022-04-29T08:59:38.989Z] > authorizing via signed-in user (ibraiev.maksym@gmail.com)
[info] 
     ######## #### ########  ######## ########     ###     ######  ########
     ##        ##  ##     ## ##       ##     ##  ##   ##  ##       ##
     ######    ##  ########  ######   ########  #########  ######  ######
     ##        ##  ##    ##  ##       ##     ## ##     ##       ## ##
     ##       #### ##     ## ######## ########  ##     ##  ######  ########

You're about to initialize a Firebase project in this directory:

  D:\projects\github\flat-project

Before we get started, keep in mind:

  * You are initializing within an existing Firebase project directory

[info] 
=== Project Setup
[info] 
[info] First, let's associate this project directory with a Firebase project.
[info] You can create multiple project aliases by running firebase use --add, 
[info] but for now we'll just set up a default project.
[info] 
[debug] [2022-04-29T08:59:43.118Z] Using project from CLI flag: flatproject-dfd91
[debug] [2022-04-29T08:59:43.121Z] > refreshing access token with scopes: []
[debug] [2022-04-29T08:59:43.121Z] >>> HTTP REQUEST POST https://www.googleapis.com/oauth2/v3/token  
 <request body omitted>
[debug] [2022-04-29T08:59:49.676Z] <<< HTTP RESPONSE 200 {"expires":"Mon, 01 Jan 1990 00:00:00 GMT","pragma":"no-cache","cache-control":"no-cache, no-store, max-age=0, must-revalidate","date":"Fri, 29 Apr 2022 08:59:48 GMT","content-type":"application/json; charset=utf-8","vary":"X-Origin, Referer, Origin,Accept-Encoding","server":"scaffolding on HTTPServer2","x-xss-protection":"0","x-frame-options":"SAMEORIGIN","x-content-type-options":"nosniff","alt-svc":"h3=\":443\"; ma=2592000,h3-29=\":443\"; ma=2592000,h3-Q050=\":443\"; ma=2592000,h3-Q046=\":443\"; ma=2592000,h3-Q043=\":443\"; ma=2592000,quic=\":443\"; ma=2592000; v=\"46,43\"","accept-ranges":"none","transfer-encoding":"chunked"}
[debug] [2022-04-29T08:59:49.692Z] >>> [apiv2][query] GET https://firebase.googleapis.com/v1beta1/projects/flatproject-dfd91 [none]
